2025-02-19 21:08:49 - Starting WinsuApplication using Java 17.0.2 with PID 3472 (C:\Users\bisht\OneDrive\Desktop\IPL2025\winsu\target\classes started by bisht in C:\Users\bisht\OneDrive\Desktop\IPL2025\winsu)
2025-02-19 21:08:49 - No active profile set, falling back to 1 default profile: "default"
2025-02-19 21:08:50 - Bootstrapping Spring Data JPA repositories in DEFAULT mode.
2025-02-19 21:08:51 - Finished Spring Data repository scanning in 222 ms. Found 1 JPA repository interface.
2025-02-19 21:08:52 - Tomcat initialized with port 8081 (http)
2025-02-19 21:08:52 - Starting service [Tomcat]
2025-02-19 21:08:52 - Starting Servlet engine: [Apache Tomcat/10.1.16]
2025-02-19 21:08:52 - Initializing Spring embedded WebApplicationContext
2025-02-19 21:08:52 - Root WebApplicationContext: initialization completed in 2519 ms
2025-02-19 21:08:52 - HikariPool-1 - Starting...
2025-02-19 21:08:53 - HikariPool-1 - Added connection org.postgresql.jdbc.PgConnection@4d464510
2025-02-19 21:08:53 - HikariPool-1 - Start completed.
2025-02-19 21:08:53 - Set default schema name to public
2025-02-19 21:08:54 - Reading from public.databasechangelog
2025-02-19 21:08:54 - Reading from public.databasechangelog
2025-02-19 21:08:54 - UPDATE SUMMARY
2025-02-19 21:08:54 - Run:                          0
2025-02-19 21:08:54 - Previously run:               9
2025-02-19 21:08:54 - Filtered out:                 0
2025-02-19 21:08:54 - -------------------------------
2025-02-19 21:08:54 - Total change sets:            9
2025-02-19 21:08:54 - Update summary generated
2025-02-19 21:08:54 - Successfully released change log lock
2025-02-19 21:08:54 - Command execution complete
2025-02-19 21:08:55 - HHH000204: Processing PersistenceUnitInfo [name: default]
2025-02-19 21:08:55 - HHH000412: Hibernate ORM core version 6.3.1.Final
2025-02-19 21:08:55 - HHH000026: Second-level cache disabled
2025-02-19 21:08:55 - No LoadTimeWeaver setup: ignoring JPA class transformer
2025-02-19 21:08:55 - HHH90000025: PostgreSQLDialect does not need to be specified explicitly using 'hibernate.dialect' (remove the property setting and it will be selected by default)
2025-02-19 21:08:56 - HHH000489: No JTA platform available (set 'hibernate.transaction.jta.platform' to enable JTA platform integration)
2025-02-19 21:08:57 - Initialized JPA EntityManagerFactory for persistence unit 'default'
2025-02-19 21:08:57 - Exception encountered during context initialization - cancelling refresh attempt: org.springframework.beans.factory.UnsatisfiedDependencyException: Error creating bean with name 'eventController' defined in file [C:\Users\bisht\OneDrive\Desktop\IPL2025\winsu\target\classes\com\winsu\controller\EventController.class]: Unsatisfied dependency expressed through constructor parameter 0: Error creating bean with name 'eventServiceImpl' defined in file [C:\Users\bisht\OneDrive\Desktop\IPL2025\winsu\target\classes\com\winsu\services\impl\EventServiceImpl.class]: Unsatisfied dependency expressed through constructor parameter 1: No qualifying bean of type 'com.winsu.mapper.EventMapper' available: expected at least 1 bean which qualifies as autowire candidate. Dependency annotations: {}
2025-02-19 21:08:57 - Closing JPA EntityManagerFactory for persistence unit 'default'
2025-02-19 21:08:57 - HikariPool-1 - Shutdown initiated...
2025-02-19 21:08:57 - HikariPool-1 - Shutdown completed.
2025-02-19 21:08:57 - Stopping service [Tomcat]
2025-02-19 21:08:58 - 

Error starting ApplicationContext. To display the condition evaluation report re-run your application with 'debug' enabled.
2025-02-19 21:08:58 - 

***************************
APPLICATION FAILED TO START
***************************

Description:

Parameter 1 of constructor in com.winsu.services.impl.EventServiceImpl required a bean of type 'com.winsu.mapper.EventMapper' that could not be found.


Action:

Consider defining a bean of type 'com.winsu.mapper.EventMapper' in your configuration.

2025-02-19 21:12:22 - Starting WinsuApplication using Java 17.0.2 with PID 2692 (C:\Users\bisht\OneDrive\Desktop\IPL2025\winsu\target\classes started by bisht in C:\Users\bisht\OneDrive\Desktop\IPL2025\winsu)
2025-02-19 21:12:22 - No active profile set, falling back to 1 default profile: "default"
2025-02-19 21:12:23 - Bootstrapping Spring Data JPA repositories in DEFAULT mode.
2025-02-19 21:12:23 - Finished Spring Data repository scanning in 132 ms. Found 1 JPA repository interface.
2025-02-19 21:12:24 - Tomcat initialized with port 8081 (http)
2025-02-19 21:12:24 - Starting service [Tomcat]
2025-02-19 21:12:24 - Starting Servlet engine: [Apache Tomcat/10.1.16]
2025-02-19 21:12:24 - Initializing Spring embedded WebApplicationContext
2025-02-19 21:12:24 - Root WebApplicationContext: initialization completed in 2199 ms
2025-02-19 21:12:25 - HikariPool-1 - Starting...
2025-02-19 21:12:25 - HikariPool-1 - Added connection org.postgresql.jdbc.PgConnection@4f93bf0a
2025-02-19 21:12:25 - HikariPool-1 - Start completed.
2025-02-19 21:12:25 - Set default schema name to public
2025-02-19 21:12:26 - Reading from public.databasechangelog
2025-02-19 21:12:26 - Reading from public.databasechangelog
2025-02-19 21:12:26 - UPDATE SUMMARY
2025-02-19 21:12:26 - Run:                          0
2025-02-19 21:12:26 - Previously run:               9
2025-02-19 21:12:26 - Filtered out:                 0
2025-02-19 21:12:26 - -------------------------------
2025-02-19 21:12:26 - Total change sets:            9
2025-02-19 21:12:26 - Update summary generated
2025-02-19 21:12:26 - Successfully released change log lock
2025-02-19 21:12:26 - Command execution complete
2025-02-19 21:12:26 - HHH000204: Processing PersistenceUnitInfo [name: default]
2025-02-19 21:12:26 - HHH000412: Hibernate ORM core version 6.3.1.Final
2025-02-19 21:12:26 - HHH000026: Second-level cache disabled
2025-02-19 21:12:27 - No LoadTimeWeaver setup: ignoring JPA class transformer
2025-02-19 21:12:27 - HHH90000025: PostgreSQLDialect does not need to be specified explicitly using 'hibernate.dialect' (remove the property setting and it will be selected by default)
2025-02-19 21:12:28 - HHH000489: No JTA platform available (set 'hibernate.transaction.jta.platform' to enable JTA platform integration)
2025-02-19 21:12:28 - Initialized JPA EntityManagerFactory for persistence unit 'default'
2025-02-19 21:12:28 - Exception encountered during context initialization - cancelling refresh attempt: org.springframework.beans.factory.UnsatisfiedDependencyException: Error creating bean with name 'eventController' defined in file [C:\Users\bisht\OneDrive\Desktop\IPL2025\winsu\target\classes\com\winsu\controller\EventController.class]: Unsatisfied dependency expressed through constructor parameter 0: Error creating bean with name 'eventServiceImpl' defined in file [C:\Users\bisht\OneDrive\Desktop\IPL2025\winsu\target\classes\com\winsu\services\impl\EventServiceImpl.class]: Unsatisfied dependency expressed through constructor parameter 1: No qualifying bean of type 'com.winsu.mapper.EventMapper' available: expected at least 1 bean which qualifies as autowire candidate. Dependency annotations: {}
2025-02-19 21:12:28 - Closing JPA EntityManagerFactory for persistence unit 'default'
2025-02-19 21:12:28 - HikariPool-1 - Shutdown initiated...
2025-02-19 21:12:28 - HikariPool-1 - Shutdown completed.
2025-02-19 21:12:28 - Stopping service [Tomcat]
2025-02-19 21:12:28 - 

Error starting ApplicationContext. To display the condition evaluation report re-run your application with 'debug' enabled.
2025-02-19 21:12:28 - 

***************************
APPLICATION FAILED TO START
***************************

Description:

Parameter 1 of constructor in com.winsu.services.impl.EventServiceImpl required a bean of type 'com.winsu.mapper.EventMapper' that could not be found.


Action:

Consider defining a bean of type 'com.winsu.mapper.EventMapper' in your configuration.

2025-02-19 21:14:06 - Starting WinsuApplication using Java 17.0.2 with PID 17552 (C:\Users\bisht\OneDrive\Desktop\IPL2025\winsu\target\classes started by bisht in C:\Users\bisht\OneDrive\Desktop\IPL2025\winsu)
2025-02-19 21:14:06 - No active profile set, falling back to 1 default profile: "default"
2025-02-19 21:14:07 - Bootstrapping Spring Data JPA repositories in DEFAULT mode.
2025-02-19 21:14:07 - Finished Spring Data repository scanning in 97 ms. Found 1 JPA repository interface.
2025-02-19 21:14:08 - Tomcat initialized with port 8081 (http)
2025-02-19 21:14:08 - Starting service [Tomcat]
2025-02-19 21:14:08 - Starting Servlet engine: [Apache Tomcat/10.1.16]
2025-02-19 21:14:08 - Initializing Spring embedded WebApplicationContext
2025-02-19 21:14:08 - Root WebApplicationContext: initialization completed in 2180 ms
2025-02-19 21:14:09 - HikariPool-1 - Starting...
2025-02-19 21:14:09 - HikariPool-1 - Added connection org.postgresql.jdbc.PgConnection@2519026b
2025-02-19 21:14:09 - HikariPool-1 - Start completed.
2025-02-19 21:14:09 - Set default schema name to public
2025-02-19 21:14:10 - Reading from public.databasechangelog
2025-02-19 21:14:10 - Reading from public.databasechangelog
2025-02-19 21:14:10 - UPDATE SUMMARY
2025-02-19 21:14:10 - Run:                          0
2025-02-19 21:14:10 - Previously run:               9
2025-02-19 21:14:10 - Filtered out:                 0
2025-02-19 21:14:10 - -------------------------------
2025-02-19 21:14:10 - Total change sets:            9
2025-02-19 21:14:10 - Update summary generated
2025-02-19 21:14:10 - Successfully released change log lock
2025-02-19 21:14:10 - Command execution complete
2025-02-19 21:14:10 - HHH000204: Processing PersistenceUnitInfo [name: default]
2025-02-19 21:14:10 - HHH000412: Hibernate ORM core version 6.3.1.Final
2025-02-19 21:14:10 - HHH000026: Second-level cache disabled
2025-02-19 21:14:11 - No LoadTimeWeaver setup: ignoring JPA class transformer
2025-02-19 21:14:11 - HHH90000025: PostgreSQLDialect does not need to be specified explicitly using 'hibernate.dialect' (remove the property setting and it will be selected by default)
2025-02-19 21:14:12 - HHH000489: No JTA platform available (set 'hibernate.transaction.jta.platform' to enable JTA platform integration)
2025-02-19 21:14:12 - Initialized JPA EntityManagerFactory for persistence unit 'default'
2025-02-19 21:14:12 - Exception encountered during context initialization - cancelling refresh attempt: org.springframework.beans.factory.UnsatisfiedDependencyException: Error creating bean with name 'eventController' defined in file [C:\Users\bisht\OneDrive\Desktop\IPL2025\winsu\target\classes\com\winsu\controller\EventController.class]: Unsatisfied dependency expressed through constructor parameter 0: Error creating bean with name 'eventServiceImpl' defined in file [C:\Users\bisht\OneDrive\Desktop\IPL2025\winsu\target\classes\com\winsu\services\impl\EventServiceImpl.class]: Unsatisfied dependency expressed through constructor parameter 1: No qualifying bean of type 'com.winsu.mapper.EventMapper' available: expected at least 1 bean which qualifies as autowire candidate. Dependency annotations: {}
2025-02-19 21:14:12 - Closing JPA EntityManagerFactory for persistence unit 'default'
2025-02-19 21:14:12 - HikariPool-1 - Shutdown initiated...
2025-02-19 21:14:12 - HikariPool-1 - Shutdown completed.
2025-02-19 21:14:12 - Stopping service [Tomcat]
2025-02-19 21:14:12 - 

Error starting ApplicationContext. To display the condition evaluation report re-run your application with 'debug' enabled.
2025-02-19 21:14:12 - 

***************************
APPLICATION FAILED TO START
***************************

Description:

Parameter 1 of constructor in com.winsu.services.impl.EventServiceImpl required a bean of type 'com.winsu.mapper.EventMapper' that could not be found.


Action:

Consider defining a bean of type 'com.winsu.mapper.EventMapper' in your configuration.

2025-02-19 21:20:00 - Starting WinsuApplicationTests using Java 20.0.1 with PID 15172 (started by bisht in C:\Users\bisht\OneDrive\Desktop\IPL2025\winsu)
2025-02-19 21:20:00 - No active profile set, falling back to 1 default profile: "default"
2025-02-19 21:20:02 - Bootstrapping Spring Data JPA repositories in DEFAULT mode.
2025-02-19 21:20:02 - Finished Spring Data repository scanning in 89 ms. Found 1 JPA repository interface.
2025-02-19 21:20:03 - HikariPool-1 - Starting...
2025-02-19 21:20:03 - HikariPool-1 - Added connection org.postgresql.jdbc.PgConnection@22ead351
2025-02-19 21:20:03 - HikariPool-1 - Start completed.
2025-02-19 21:20:04 - Set default schema name to public
2025-02-19 21:20:05 - Reading from public.databasechangelog
2025-02-19 21:20:05 - Reading from public.databasechangelog
2025-02-19 21:20:05 - UPDATE SUMMARY
2025-02-19 21:20:05 - Run:                          0
2025-02-19 21:20:05 - Previously run:               9
2025-02-19 21:20:05 - Filtered out:                 0
2025-02-19 21:20:05 - -------------------------------
2025-02-19 21:20:05 - Total change sets:            9
2025-02-19 21:20:05 - Update summary generated
2025-02-19 21:20:05 - Successfully released change log lock
2025-02-19 21:20:05 - Command execution complete
2025-02-19 21:20:05 - HHH000204: Processing PersistenceUnitInfo [name: default]
2025-02-19 21:20:05 - HHH000412: Hibernate ORM core version 6.3.1.Final
2025-02-19 21:20:05 - HHH000026: Second-level cache disabled
2025-02-19 21:20:06 - No LoadTimeWeaver setup: ignoring JPA class transformer
2025-02-19 21:20:06 - HHH90000025: PostgreSQLDialect does not need to be specified explicitly using 'hibernate.dialect' (remove the property setting and it will be selected by default)
2025-02-19 21:20:07 - HHH000489: No JTA platform available (set 'hibernate.transaction.jta.platform' to enable JTA platform integration)
2025-02-19 21:20:07 - Initialized JPA EntityManagerFactory for persistence unit 'default'
2025-02-19 21:20:08 - spring.jpa.open-in-view is enabled by default. Therefore, database queries may be performed during view rendering. Explicitly configure spring.jpa.open-in-view to disable this warning
2025-02-19 21:20:08 - Will secure any request with [org.springframework.security.web.session.DisableEncodeUrlFilter@26309e6f, org.springframework.security.web.context.request.async.WebAsyncManagerIntegrationFilter@1db8ec3, org.springframework.security.web.context.SecurityContextHolderFilter@332cf8ba, org.springframework.security.web.header.HeaderWriterFilter@980142a, org.springframework.web.filter.CorsFilter@1cc1813a, org.springframework.security.web.csrf.CsrfFilter@6e886e25, org.springframework.security.web.authentication.logout.LogoutFilter@607fa188, org.springframework.security.oauth2.client.web.OAuth2AuthorizationRequestRedirectFilter@2511ddb7, org.springframework.security.oauth2.client.web.OAuth2AuthorizationRequestRedirectFilter@41d101d4, org.springframework.security.oauth2.client.web.OAuth2LoginAuthenticationFilter@50f572e8, org.springframework.security.web.authentication.ui.DefaultLoginPageGeneratingFilter@1ee2b6c3, org.springframework.security.web.authentication.ui.DefaultLogoutPageGeneratingFilter@67a8a641, org.springframework.security.web.savedrequest.RequestCacheAwareFilter@12ad2a0b, org.springframework.security.web.servletapi.SecurityContextHolderAwareRequestFilter@1500c6e7, org.springframework.security.web.authentication.AnonymousAuthenticationFilter@45c99f3d, org.springframework.security.oauth2.client.web.OAuth2AuthorizationCodeGrantFilter@6d8948b2, org.springframework.security.web.access.ExceptionTranslationFilter@2db2b708, org.springframework.security.web.access.intercept.AuthorizationFilter@687101a2]
2025-02-19 21:20:09 - Started WinsuApplicationTests in 8.84 seconds (process running for 10.342)
2025-02-19 21:20:10 - Closing JPA EntityManagerFactory for persistence unit 'default'
2025-02-19 21:20:10 - HikariPool-1 - Shutdown initiated...
2025-02-19 21:20:10 - HikariPool-1 - Shutdown completed.
2025-02-19 21:20:41 - Starting WinsuApplication using Java 17.0.2 with PID 12040 (C:\Users\bisht\OneDrive\Desktop\IPL2025\winsu\target\classes started by bisht in C:\Users\bisht\OneDrive\Desktop\IPL2025\winsu)
2025-02-19 21:20:41 - No active profile set, falling back to 1 default profile: "default"
2025-02-19 21:20:42 - Bootstrapping Spring Data JPA repositories in DEFAULT mode.
2025-02-19 21:20:43 - Finished Spring Data repository scanning in 240 ms. Found 1 JPA repository interface.
2025-02-19 21:20:44 - Tomcat initialized with port 8081 (http)
2025-02-19 21:20:44 - Starting service [Tomcat]
2025-02-19 21:20:44 - Starting Servlet engine: [Apache Tomcat/10.1.16]
2025-02-19 21:20:44 - Initializing Spring embedded WebApplicationContext
2025-02-19 21:20:44 - Root WebApplicationContext: initialization completed in 3227 ms
2025-02-19 21:20:44 - HikariPool-1 - Starting...
2025-02-19 21:20:45 - HikariPool-1 - Added connection org.postgresql.jdbc.PgConnection@45292ec1
2025-02-19 21:20:45 - HikariPool-1 - Start completed.
2025-02-19 21:20:45 - Set default schema name to public
2025-02-19 21:20:46 - Reading from public.databasechangelog
2025-02-19 21:20:46 - Reading from public.databasechangelog
2025-02-19 21:20:46 - UPDATE SUMMARY
2025-02-19 21:20:46 - Run:                          0
2025-02-19 21:20:46 - Previously run:               9
2025-02-19 21:20:46 - Filtered out:                 0
2025-02-19 21:20:46 - -------------------------------
2025-02-19 21:20:46 - Total change sets:            9
2025-02-19 21:20:46 - Update summary generated
2025-02-19 21:20:46 - Successfully released change log lock
2025-02-19 21:20:46 - Command execution complete
2025-02-19 21:20:46 - HHH000204: Processing PersistenceUnitInfo [name: default]
2025-02-19 21:20:46 - HHH000412: Hibernate ORM core version 6.3.1.Final
2025-02-19 21:20:46 - HHH000026: Second-level cache disabled
2025-02-19 21:20:47 - No LoadTimeWeaver setup: ignoring JPA class transformer
2025-02-19 21:20:47 - HHH90000025: PostgreSQLDialect does not need to be specified explicitly using 'hibernate.dialect' (remove the property setting and it will be selected by default)
2025-02-19 21:20:48 - HHH000489: No JTA platform available (set 'hibernate.transaction.jta.platform' to enable JTA platform integration)
2025-02-19 21:20:48 - Initialized JPA EntityManagerFactory for persistence unit 'default'
2025-02-19 21:20:48 - spring.jpa.open-in-view is enabled by default. Therefore, database queries may be performed during view rendering. Explicitly configure spring.jpa.open-in-view to disable this warning
2025-02-19 21:20:49 - Will secure any request with [org.springframework.security.web.session.DisableEncodeUrlFilter@6c88026b, org.springframework.security.web.context.request.async.WebAsyncManagerIntegrationFilter@1b03d582, org.springframework.security.web.context.SecurityContextHolderFilter@7f52aba0, org.springframework.security.web.header.HeaderWriterFilter@ed37e52, org.springframework.web.filter.CorsFilter@aa9b6a8, org.springframework.security.web.csrf.CsrfFilter@309ea91f, org.springframework.security.web.authentication.logout.LogoutFilter@70dd4172, org.springframework.security.oauth2.client.web.OAuth2AuthorizationRequestRedirectFilter@7b83476f, org.springframework.security.oauth2.client.web.OAuth2AuthorizationRequestRedirectFilter@47690183, org.springframework.security.oauth2.client.web.OAuth2LoginAuthenticationFilter@440f434f, org.springframework.security.web.authentication.ui.DefaultLoginPageGeneratingFilter@39ad5a7d, org.springframework.security.web.authentication.ui.DefaultLogoutPageGeneratingFilter@162304e3, org.springframework.security.web.savedrequest.RequestCacheAwareFilter@47fa54d, org.springframework.security.web.servletapi.SecurityContextHolderAwareRequestFilter@3432a612, org.springframework.security.web.authentication.AnonymousAuthenticationFilter@3a94d716, org.springframework.security.oauth2.client.web.OAuth2AuthorizationCodeGrantFilter@25ca56de, org.springframework.security.web.access.ExceptionTranslationFilter@44ee788f, org.springframework.security.web.access.intercept.AuthorizationFilter@281edf6b]
2025-02-19 21:20:49 - Tomcat started on port 8081 (http) with context path ''
2025-02-19 21:20:49 - Started WinsuApplication in 9.478 seconds (process running for 10.389)
2025-02-19 21:25:27 - Initializing Spring DispatcherServlet 'dispatcherServlet'
2025-02-19 21:25:27 - Initializing Servlet 'dispatcherServlet'
2025-02-19 21:25:27 - Completed initialization in 2 ms
2025-02-19 21:25:27 - Cache miss for REQUEST dispatch to '/events' (previous null). Performing CorsConfiguration lookup. This is logged once only at WARN level, and every time at TRACE.
2025-02-19 21:27:16 - Closing JPA EntityManagerFactory for persistence unit 'default'
2025-02-19 21:27:16 - HikariPool-1 - Shutdown initiated...
2025-02-19 21:27:16 - HikariPool-1 - Shutdown completed.
2025-02-19 21:27:22 - Starting WinsuApplication using Java 17.0.2 with PID 15972 (C:\Users\bisht\OneDrive\Desktop\IPL2025\winsu\target\classes started by bisht in C:\Users\bisht\OneDrive\Desktop\IPL2025\winsu)
2025-02-19 21:27:22 - No active profile set, falling back to 1 default profile: "default"
2025-02-19 21:27:24 - Bootstrapping Spring Data JPA repositories in DEFAULT mode.
2025-02-19 21:27:25 - Finished Spring Data repository scanning in 132 ms. Found 1 JPA repository interface.
2025-02-19 21:27:26 - Tomcat initialized with port 8081 (http)
2025-02-19 21:27:26 - Starting service [Tomcat]
2025-02-19 21:27:26 - Starting Servlet engine: [Apache Tomcat/10.1.16]
2025-02-19 21:27:26 - Initializing Spring embedded WebApplicationContext
2025-02-19 21:27:26 - Root WebApplicationContext: initialization completed in 3968 ms
2025-02-19 21:27:27 - HikariPool-1 - Starting...
2025-02-19 21:27:27 - HikariPool-1 - Added connection org.postgresql.jdbc.PgConnection@77724cbe
2025-02-19 21:27:27 - HikariPool-1 - Start completed.
2025-02-19 21:27:28 - Set default schema name to public
2025-02-19 21:27:29 - Reading from public.databasechangelog
2025-02-19 21:27:29 - Reading from public.databasechangelog
2025-02-19 21:27:29 - UPDATE SUMMARY
2025-02-19 21:27:29 - Run:                          0
2025-02-19 21:27:29 - Previously run:               9
2025-02-19 21:27:29 - Filtered out:                 0
2025-02-19 21:27:29 - -------------------------------
2025-02-19 21:27:29 - Total change sets:            9
2025-02-19 21:27:29 - Update summary generated
2025-02-19 21:27:29 - Successfully released change log lock
2025-02-19 21:27:29 - Command execution complete
2025-02-19 21:27:29 - HHH000204: Processing PersistenceUnitInfo [name: default]
2025-02-19 21:27:29 - HHH000412: Hibernate ORM core version 6.3.1.Final
2025-02-19 21:27:29 - HHH000026: Second-level cache disabled
2025-02-19 21:27:30 - No LoadTimeWeaver setup: ignoring JPA class transformer
2025-02-19 21:27:30 - HHH90000025: PostgreSQLDialect does not need to be specified explicitly using 'hibernate.dialect' (remove the property setting and it will be selected by default)
2025-02-19 21:27:32 - HHH000489: No JTA platform available (set 'hibernate.transaction.jta.platform' to enable JTA platform integration)
2025-02-19 21:27:32 - Initialized JPA EntityManagerFactory for persistence unit 'default'
2025-02-19 21:27:32 - spring.jpa.open-in-view is enabled by default. Therefore, database queries may be performed during view rendering. Explicitly configure spring.jpa.open-in-view to disable this warning
2025-02-19 21:27:33 - Will secure any request with [org.springframework.security.web.session.DisableEncodeUrlFilter@2d43bedb, org.springframework.security.web.context.request.async.WebAsyncManagerIntegrationFilter@2ca08575, org.springframework.security.web.context.SecurityContextHolderFilter@78b5c29f, org.springframework.security.web.header.HeaderWriterFilter@82134e4, org.springframework.web.filter.CorsFilter@1cbe3497, org.springframework.security.web.csrf.CsrfFilter@74889ebe, org.springframework.security.web.authentication.logout.LogoutFilter@19ed779e, org.springframework.security.oauth2.client.web.OAuth2AuthorizationRequestRedirectFilter@b234301, org.springframework.security.oauth2.client.web.OAuth2AuthorizationRequestRedirectFilter@68212585, org.springframework.security.oauth2.client.web.OAuth2LoginAuthenticationFilter@1653cc95, org.springframework.security.web.authentication.ui.DefaultLoginPageGeneratingFilter@5a9bb7dd, org.springframework.security.web.authentication.ui.DefaultLogoutPageGeneratingFilter@5c3d91bc, org.springframework.security.web.savedrequest.RequestCacheAwareFilter@39088acb, org.springframework.security.web.servletapi.SecurityContextHolderAwareRequestFilter@70dd4172, org.springframework.security.web.authentication.AnonymousAuthenticationFilter@6cb84986, org.springframework.security.oauth2.client.web.OAuth2AuthorizationCodeGrantFilter@5008c5a, org.springframework.security.web.access.ExceptionTranslationFilter@47585784, org.springframework.security.web.access.intercept.AuthorizationFilter@5e4168dd]
2025-02-19 21:27:33 - Tomcat started on port 8081 (http) with context path ''
2025-02-19 21:27:33 - Started WinsuApplication in 11.992 seconds (process running for 12.834)
2025-02-19 21:28:03 - Initializing Spring DispatcherServlet 'dispatcherServlet'
2025-02-19 21:28:03 - Initializing Servlet 'dispatcherServlet'
2025-02-19 21:28:03 - Completed initialization in 2 ms
2025-02-19 21:28:03 - Cache miss for REQUEST dispatch to '/api/events' (previous null). Performing CorsConfiguration lookup. This is logged once only at WARN level, and every time at TRACE.
2025-02-19 21:31:46 - Closing JPA EntityManagerFactory for persistence unit 'default'
2025-02-19 21:31:46 - HikariPool-1 - Shutdown initiated...
2025-02-19 21:31:46 - HikariPool-1 - Shutdown completed.
2025-02-19 21:31:56 - Starting WinsuApplication using Java 17.0.2 with PID 11304 (C:\Users\bisht\OneDrive\Desktop\IPL2025\winsu\target\classes started by bisht in C:\Users\bisht\OneDrive\Desktop\IPL2025\winsu)
2025-02-19 21:31:56 - No active profile set, falling back to 1 default profile: "default"
2025-02-19 21:31:57 - Bootstrapping Spring Data JPA repositories in DEFAULT mode.
2025-02-19 21:31:57 - Finished Spring Data repository scanning in 86 ms. Found 1 JPA repository interface.
2025-02-19 21:31:58 - Tomcat initialized with port 8081 (http)
2025-02-19 21:31:58 - Starting service [Tomcat]
2025-02-19 21:31:58 - Starting Servlet engine: [Apache Tomcat/10.1.16]
2025-02-19 21:31:59 - Initializing Spring embedded WebApplicationContext
2025-02-19 21:31:59 - Root WebApplicationContext: initialization completed in 2281 ms
2025-02-19 21:31:59 - HikariPool-1 - Starting...
2025-02-19 21:31:59 - HikariPool-1 - Added connection org.postgresql.jdbc.PgConnection@65514add
2025-02-19 21:31:59 - HikariPool-1 - Start completed.
2025-02-19 21:31:59 - Set default schema name to public
2025-02-19 21:32:00 - Reading from public.databasechangelog
2025-02-19 21:32:00 - Reading from public.databasechangelog
2025-02-19 21:32:00 - UPDATE SUMMARY
2025-02-19 21:32:00 - Run:                          0
2025-02-19 21:32:00 - Previously run:               9
2025-02-19 21:32:00 - Filtered out:                 0
2025-02-19 21:32:00 - -------------------------------
2025-02-19 21:32:00 - Total change sets:            9
2025-02-19 21:32:00 - Update summary generated
2025-02-19 21:32:00 - Successfully released change log lock
2025-02-19 21:32:00 - Command execution complete
2025-02-19 21:32:01 - HHH000204: Processing PersistenceUnitInfo [name: default]
2025-02-19 21:32:01 - HHH000412: Hibernate ORM core version 6.3.1.Final
2025-02-19 21:32:01 - HHH000026: Second-level cache disabled
2025-02-19 21:32:01 - No LoadTimeWeaver setup: ignoring JPA class transformer
2025-02-19 21:32:01 - HHH90000025: PostgreSQLDialect does not need to be specified explicitly using 'hibernate.dialect' (remove the property setting and it will be selected by default)
2025-02-19 21:32:03 - HHH000489: No JTA platform available (set 'hibernate.transaction.jta.platform' to enable JTA platform integration)
2025-02-19 21:32:03 - Initialized JPA EntityManagerFactory for persistence unit 'default'
2025-02-19 21:32:03 - spring.jpa.open-in-view is enabled by default. Therefore, database queries may be performed during view rendering. Explicitly configure spring.jpa.open-in-view to disable this warning
2025-02-19 21:32:03 - Tomcat started on port 8081 (http) with context path ''
2025-02-19 21:32:03 - Started WinsuApplication in 8.196 seconds (process running for 9.004)
2025-02-19 21:32:09 - Initializing Spring DispatcherServlet 'dispatcherServlet'
2025-02-19 21:32:09 - Initializing Servlet 'dispatcherServlet'
2025-02-19 21:32:09 - Completed initialization in 1 ms
